{"/Users/KANZ/codefellows/401/11-12-express/src/__test__/lib/test.env.js": {"path":"/Users/KANZ/codefellows/401/11-12-express/src/__test__/lib/test.env.js","statementMap":{"0":{"start":{"line":1,"column":0},"end":{"line":1,"column":37}},"1":{"start":{"line":2,"column":0},"end":{"line":2,"column":24}},"2":{"start":{"line":3,"column":0},"end":{"line":3,"column":87}}},"fnMap":{},"branchMap":{},"s":{"0":1,"1":1,"2":1},"f":{},"b":{},"_coverageSchema":"332fd63041d2c1bcb487cc26dd0d5f7d97098a6c","hash":"5ec68964be5016e1f2dffdb27592b6f75e5cb19b"}
,"/Users/KANZ/codefellows/401/11-12-express/src/lib/logger.js": {"path":"/Users/KANZ/codefellows/401/11-12-express/src/lib/logger.js","statementMap":{"0":{"start":{"line":3,"column":16},"end":{"line":3,"column":34}},"1":{"start":{"line":5,"column":15},"end":{"line":12,"column":2}},"2":{"start":{"line":14,"column":0},"end":{"line":14,"column":21}},"3":{"start":{"line":15,"column":0},"end":{"line":15,"column":23}},"4":{"start":{"line":16,"column":0},"end":{"line":16,"column":27}}},"fnMap":{},"branchMap":{},"s":{"0":1,"1":1,"2":1,"3":1,"4":1},"f":{},"b":{},"_coverageSchema":"332fd63041d2c1bcb487cc26dd0d5f7d97098a6c","hash":"b0f80ee8aecf118c252e0c05e151dd20650fb8f4"}
,"/Users/KANZ/codefellows/401/11-12-express/src/lib/server.js": {"path":"/Users/KANZ/codefellows/401/11-12-express/src/lib/server.js","statementMap":{"0":{"start":{"line":8,"column":12},"end":{"line":8,"column":21}},"1":{"start":{"line":9,"column":13},"end":{"line":9,"column":17}},"2":{"start":{"line":11,"column":0},"end":{"line":11,"column":22}},"3":{"start":{"line":13,"column":0},"end":{"line":16,"column":3}},"4":{"start":{"line":14,"column":2},"end":{"line":14,"column":76}},"5":{"start":{"line":15,"column":2},"end":{"line":15,"column":34}},"6":{"start":{"line":18,"column":20},"end":{"line":25,"column":1}},"7":{"start":{"line":19,"column":2},"end":{"line":24,"column":7}},"8":{"start":{"line":21,"column":6},"end":{"line":23,"column":9}},"9":{"start":{"line":22,"column":8},"end":{"line":22,"column":83}},"10":{"start":{"line":27,"column":19},"end":{"line":34,"column":1}},"11":{"start":{"line":28,"column":2},"end":{"line":33,"column":7}},"12":{"start":{"line":30,"column":6},"end":{"line":32,"column":9}},"13":{"start":{"line":31,"column":8},"end":{"line":31,"column":49}}},"fnMap":{"0":{"name":"(anonymous_0)","decl":{"start":{"line":13,"column":13},"end":{"line":13,"column":14}},"loc":{"start":{"line":13,"column":36},"end":{"line":16,"column":1}},"line":13},"1":{"name":"(anonymous_1)","decl":{"start":{"line":18,"column":20},"end":{"line":18,"column":21}},"loc":{"start":{"line":18,"column":26},"end":{"line":25,"column":1}},"line":18},"2":{"name":"(anonymous_2)","decl":{"start":{"line":20,"column":10},"end":{"line":20,"column":11}},"loc":{"start":{"line":20,"column":16},"end":{"line":24,"column":5}},"line":20},"3":{"name":"(anonymous_3)","decl":{"start":{"line":21,"column":44},"end":{"line":21,"column":45}},"loc":{"start":{"line":21,"column":50},"end":{"line":23,"column":7}},"line":21},"4":{"name":"(anonymous_4)","decl":{"start":{"line":27,"column":19},"end":{"line":27,"column":20}},"loc":{"start":{"line":27,"column":25},"end":{"line":34,"column":1}},"line":27},"5":{"name":"(anonymous_5)","decl":{"start":{"line":29,"column":10},"end":{"line":29,"column":11}},"loc":{"start":{"line":29,"column":16},"end":{"line":33,"column":5}},"line":29},"6":{"name":"(anonymous_6)","decl":{"start":{"line":30,"column":19},"end":{"line":30,"column":20}},"loc":{"start":{"line":30,"column":25},"end":{"line":32,"column":7}},"line":30}},"branchMap":{},"s":{"0":1,"1":1,"2":1,"3":1,"4":1,"5":1,"6":1,"7":1,"8":1,"9":1,"10":1,"11":1,"12":1,"13":0},"f":{"0":1,"1":1,"2":1,"3":1,"4":1,"5":1,"6":0},"b":{},"_coverageSchema":"332fd63041d2c1bcb487cc26dd0d5f7d97098a6c","hash":"49e7c1fa19aff28a1f56b45324fa3204a9afa97c"}
,"/Users/KANZ/codefellows/401/11-12-express/src/model/dragon.js": {"path":"/Users/KANZ/codefellows/401/11-12-express/src/model/dragon.js","statementMap":{"0":{"start":{"line":5,"column":21},"end":{"line":19,"column":2}}},"fnMap":{},"branchMap":{},"s":{"0":1},"f":{},"b":{},"_coverageSchema":"332fd63041d2c1bcb487cc26dd0d5f7d97098a6c","hash":"93c1776390e1d7ec782af918ca00df50477e7228"}
,"/Users/KANZ/codefellows/401/11-12-express/src/route/dragon-router.js": {"path":"/Users/KANZ/codefellows/401/11-12-express/src/route/dragon-router.js","statementMap":{"0":{"start":{"line":8,"column":19},"end":{"line":8,"column":36}},"1":{"start":{"line":10,"column":21},"end":{"line":10,"column":33}},"2":{"start":{"line":12,"column":0},"end":{"line":28,"column":3}},"3":{"start":{"line":13,"column":2},"end":{"line":13,"column":57}},"4":{"start":{"line":14,"column":2},"end":{"line":17,"column":3}},"5":{"start":{"line":15,"column":4},"end":{"line":15,"column":64}},"6":{"start":{"line":16,"column":4},"end":{"line":16,"column":36}},"7":{"start":{"line":18,"column":2},"end":{"line":27,"column":7}},"8":{"start":{"line":20,"column":6},"end":{"line":20,"column":74}},"9":{"start":{"line":21,"column":6},"end":{"line":21,"column":35}},"10":{"start":{"line":24,"column":6},"end":{"line":24,"column":49}},"11":{"start":{"line":25,"column":6},"end":{"line":25,"column":38}},"12":{"start":{"line":26,"column":6},"end":{"line":26,"column":38}},"13":{"start":{"line":30,"column":0},"end":{"line":52,"column":3}},"14":{"start":{"line":31,"column":2},"end":{"line":31,"column":56}},"15":{"start":{"line":33,"column":2},"end":{"line":51,"column":7}},"16":{"start":{"line":35,"column":6},"end":{"line":38,"column":7}},"17":{"start":{"line":36,"column":8},"end":{"line":36,"column":87}},"18":{"start":{"line":37,"column":8},"end":{"line":37,"column":40}},"19":{"start":{"line":39,"column":6},"end":{"line":39,"column":73}},"20":{"start":{"line":40,"column":6},"end":{"line":40,"column":35}},"21":{"start":{"line":43,"column":6},"end":{"line":47,"column":7}},"22":{"start":{"line":44,"column":8},"end":{"line":44,"column":86}},"23":{"start":{"line":45,"column":8},"end":{"line":45,"column":98}},"24":{"start":{"line":46,"column":8},"end":{"line":46,"column":40}},"25":{"start":{"line":48,"column":6},"end":{"line":48,"column":75}},"26":{"start":{"line":49,"column":6},"end":{"line":49,"column":38}},"27":{"start":{"line":50,"column":6},"end":{"line":50,"column":38}}},"fnMap":{"0":{"name":"(anonymous_0)","decl":{"start":{"line":12,"column":46},"end":{"line":12,"column":47}},"loc":{"start":{"line":12,"column":69},"end":{"line":28,"column":1}},"line":12},"1":{"name":"(anonymous_1)","decl":{"start":{"line":19,"column":10},"end":{"line":19,"column":11}},"loc":{"start":{"line":19,"column":22},"end":{"line":22,"column":5}},"line":19},"2":{"name":"(anonymous_2)","decl":{"start":{"line":23,"column":11},"end":{"line":23,"column":12}},"loc":{"start":{"line":23,"column":22},"end":{"line":27,"column":5}},"line":23},"3":{"name":"(anonymous_3)","decl":{"start":{"line":30,"column":36},"end":{"line":30,"column":37}},"loc":{"start":{"line":30,"column":59},"end":{"line":52,"column":1}},"line":30},"4":{"name":"(anonymous_4)","decl":{"start":{"line":34,"column":10},"end":{"line":34,"column":11}},"loc":{"start":{"line":34,"column":22},"end":{"line":41,"column":5}},"line":34},"5":{"name":"(anonymous_5)","decl":{"start":{"line":42,"column":11},"end":{"line":42,"column":12}},"loc":{"start":{"line":42,"column":22},"end":{"line":51,"column":5}},"line":42}},"branchMap":{"0":{"loc":{"start":{"line":14,"column":2},"end":{"line":17,"column":3}},"type":"if","locations":[{"start":{"line":14,"column":2},"end":{"line":17,"column":3}},{"start":{"line":14,"column":2},"end":{"line":17,"column":3}}],"line":14},"1":{"loc":{"start":{"line":14,"column":6},"end":{"line":14,"column":76}},"type":"binary-expr","locations":[{"start":{"line":14,"column":6},"end":{"line":14,"column":27}},{"start":{"line":14,"column":31},"end":{"line":14,"column":50}},{"start":{"line":14,"column":54},"end":{"line":14,"column":76}}],"line":14},"2":{"loc":{"start":{"line":35,"column":6},"end":{"line":38,"column":7}},"type":"if","locations":[{"start":{"line":35,"column":6},"end":{"line":38,"column":7}},{"start":{"line":35,"column":6},"end":{"line":38,"column":7}}],"line":35},"3":{"loc":{"start":{"line":43,"column":6},"end":{"line":47,"column":7}},"type":"if","locations":[{"start":{"line":43,"column":6},"end":{"line":47,"column":7}},{"start":{"line":43,"column":6},"end":{"line":47,"column":7}}],"line":43}},"s":{"0":1,"1":1,"2":1,"3":2,"4":2,"5":1,"6":1,"7":1,"8":0,"9":0,"10":1,"11":1,"12":1,"13":1,"14":0,"15":0,"16":0,"17":0,"18":0,"19":0,"20":0,"21":0,"22":0,"23":0,"24":0,"25":0,"26":0,"27":0},"f":{"0":2,"1":0,"2":1,"3":0,"4":0,"5":0},"b":{"0":[1,1],"1":[2,1,1],"2":[0,0],"3":[0,0]},"_coverageSchema":"332fd63041d2c1bcb487cc26dd0d5f7d97098a6c","hash":"239456b09615e37e4fb359453b219f87cfd0e152"}
}
