TN:
SF:/Users/KANZ/codefellows/401/11-12-express/src/__test__/lib/test.env.js
FNF:0
FNH:0
DA:1,1
DA:2,1
DA:3,1
LF:3
LH:3
BRF:0
BRH:0
end_of_record
TN:
SF:/Users/KANZ/codefellows/401/11-12-express/src/lib/logger.js
FNF:0
FNH:0
DA:3,1
DA:5,1
DA:14,1
DA:15,1
DA:16,1
LF:5
LH:5
BRF:0
BRH:0
end_of_record
TN:
SF:/Users/KANZ/codefellows/401/11-12-express/src/lib/server.js
FN:13,(anonymous_0)
FN:18,(anonymous_1)
FN:20,(anonymous_2)
FN:21,(anonymous_3)
FN:27,(anonymous_4)
FN:29,(anonymous_5)
FN:30,(anonymous_6)
FNF:7
FNH:5
FNDA:0,(anonymous_0)
FNDA:1,(anonymous_1)
FNDA:1,(anonymous_2)
FNDA:1,(anonymous_3)
FNDA:1,(anonymous_4)
FNDA:1,(anonymous_5)
FNDA:0,(anonymous_6)
DA:8,1
DA:9,1
DA:11,1
DA:13,1
DA:14,0
DA:15,0
DA:18,1
DA:19,1
DA:21,1
DA:22,1
DA:27,1
DA:28,1
DA:30,1
DA:31,0
LF:14
LH:11
BRF:0
BRH:0
end_of_record
TN:
SF:/Users/KANZ/codefellows/401/11-12-express/src/model/dragon.js
FNF:0
FNH:0
DA:5,1
LF:1
LH:1
BRF:0
BRH:0
end_of_record
TN:
SF:/Users/KANZ/codefellows/401/11-12-express/src/route/dragon-router.js
FN:12,(anonymous_0)
FN:19,(anonymous_1)
FN:23,(anonymous_2)
FN:30,(anonymous_3)
FN:34,(anonymous_4)
FN:42,(anonymous_5)
FN:53,(anonymous_6)
FN:56,(anonymous_7)
FN:64,(anonymous_8)
FNF:9
FNH:8
FNDA:2,(anonymous_0)
FNDA:1,(anonymous_1)
FNDA:0,(anonymous_2)
FNDA:2,(anonymous_3)
FNDA:1,(anonymous_4)
FNDA:1,(anonymous_5)
FNDA:2,(anonymous_6)
FNDA:1,(anonymous_7)
FNDA:1,(anonymous_8)
DA:8,1
DA:10,1
DA:12,1
DA:13,2
DA:14,2
DA:15,1
DA:16,1
DA:18,1
DA:20,1
DA:21,1
DA:24,0
DA:25,0
DA:26,0
DA:30,1
DA:31,2
DA:33,2
DA:35,1
DA:36,0
DA:37,0
DA:39,1
DA:40,1
DA:43,1
DA:44,1
DA:45,1
DA:47,0
DA:48,0
DA:49,0
DA:53,1
DA:54,2
DA:55,2
DA:57,1
DA:58,0
DA:59,0
DA:61,1
DA:62,1
DA:65,1
DA:66,1
DA:67,1
DA:69,0
DA:70,0
DA:71,0
LF:41
LH:28
BRDA:14,0,0,1
BRDA:14,0,1,1
BRDA:14,1,0,2
BRDA:14,1,1,2
BRDA:14,1,2,1
BRDA:35,2,0,0
BRDA:35,2,1,1
BRDA:43,3,0,1
BRDA:43,3,1,0
BRDA:57,4,0,0
BRDA:57,4,1,1
BRDA:65,5,0,1
BRDA:65,5,1,0
BRF:13
BRH:9
end_of_record
